
ROM used: 118 (0%)
          118 (0%) including unused fragments

          0 Average locations per line
          1 Average locations per statement

RAM used: 23 (1%) at main() level
          25 (1%) worst case

Stack used: 1 worst case (out of 31 total available)

Lines Stmts  %   Files
----- ----- ---  -----
   35     3   2  reconocimiento.c
  461     0   0  ..\..\..\..\Program Files (x86)\PICC\devices\18F4550.h
  409   121  98  ..\..\..\..\Program Files (x86)\PICC\drivers\string.h
   32     0   0  ..\..\..\..\Program Files (x86)\PICC\drivers\stddef.h
   28     0   0  ..\..\..\..\Program Files (x86)\PICC\drivers\ctype.h
----- -----
  965   124 Total

Page ROM  %  RAM   Vol Diff  Functions:
---- --- --- ---   --- ----  ----------
0     74  31  17    86  2.1  MAIN
0     40  17   2   149  4.2  @PSTRINGR_9600_31766_31767

Program metrics:
    Functions               2
    Statements              124
    Comments                262
    Volume (V)              287
    Difficilty (D)          6.2
    Effort to implement (E) 1780
    Time to implement (T)   2 minutes
    Est Delivered Bugs (B)  0
    Cyclomatic Complexity   1
    Maintainability (MI)    33

 Segment     Used  Free
-----------  ----  ----
00000-00002     4  0  
00004-07FFE   114  32650  



